running egg_info
writing ../../../build/robotTools/robotTools.egg-info/PKG-INFO
writing dependency_links to ../../../build/robotTools/robotTools.egg-info/dependency_links.txt
writing entry points to ../../../build/robotTools/robotTools.egg-info/entry_points.txt
writing requirements to ../../../build/robotTools/robotTools.egg-info/requires.txt
writing top-level names to ../../../build/robotTools/robotTools.egg-info/top_level.txt
reading manifest file '../../../build/robotTools/robotTools.egg-info/SOURCES.txt'
writing manifest file '../../../build/robotTools/robotTools.egg-info/SOURCES.txt'
running build
running build_py
running install
running install_lib
byte-compiling /home/worbots/BasherROSWorkspace/install/robotTools/lib/python3.8/site-packages/robotTools/IMUCovarCalc.py to IMUCovarCalc.cpython-38.pyc
running install_data
running install_egg_info
removing '/home/worbots/BasherROSWorkspace/install/robotTools/lib/python3.8/site-packages/robotTools-0.0.0-py3.8.egg-info' (and everything under it)
Copying ../../../build/robotTools/robotTools.egg-info to /home/worbots/BasherROSWorkspace/install/robotTools/lib/python3.8/site-packages/robotTools-0.0.0-py3.8.egg-info
running install_scripts
Installing IMUCovarCalc script to /home/worbots/BasherROSWorkspace/install/robotTools/lib/robotTools
writing list of installed files to '/home/worbots/BasherROSWorkspace/build/robotTools/install.log'
