[0.219s] Invoking command in '/home/worbots/BasherROSWorkspace/src/robotTool/robotTools': PYTHONPATH=/home/worbots/BasherROSWorkspace/install/robotTools/lib/python3.8/site-packages:${PYTHONPATH} /usr/bin/python3 setup.py egg_info --egg-base ../../../build/robotTools build --build-base /home/worbots/BasherROSWorkspace/build/robotTools/build install --prefix /home/worbots/BasherROSWorkspace/install/robotTools --record /home/worbots/BasherROSWorkspace/build/robotTools/install.log --single-version-externally-managed
[0.418s] running egg_info
[0.419s] writing ../../../build/robotTools/robotTools.egg-info/PKG-INFO
[0.419s] writing dependency_links to ../../../build/robotTools/robotTools.egg-info/dependency_links.txt
[0.419s] writing entry points to ../../../build/robotTools/robotTools.egg-info/entry_points.txt
[0.419s] writing requirements to ../../../build/robotTools/robotTools.egg-info/requires.txt
[0.419s] writing top-level names to ../../../build/robotTools/robotTools.egg-info/top_level.txt
[0.446s] reading manifest file '../../../build/robotTools/robotTools.egg-info/SOURCES.txt'
[0.447s] writing manifest file '../../../build/robotTools/robotTools.egg-info/SOURCES.txt'
[0.447s] running build
[0.447s] running build_py
[0.448s] running install
[0.449s] running install_lib
[0.450s] byte-compiling /home/worbots/BasherROSWorkspace/install/robotTools/lib/python3.8/site-packages/robotTools/IMUCovarCalc.py to IMUCovarCalc.cpython-38.pyc
[0.451s]   File "/home/worbots/BasherROSWorkspace/install/robotTools/lib/python3.8/site-packages/robotTools/IMUCovarCalc.py", line 13
[0.451s]     "orientation_pitch" : []
[0.451s]     ^
[0.451s] SyntaxError: invalid syntax
[0.452s] 
[0.452s] running install_data
[0.452s] running install_egg_info
[0.453s] removing '/home/worbots/BasherROSWorkspace/install/robotTools/lib/python3.8/site-packages/robotTools-0.0.0-py3.8.egg-info' (and everything under it)
[0.453s] Copying ../../../build/robotTools/robotTools.egg-info to /home/worbots/BasherROSWorkspace/install/robotTools/lib/python3.8/site-packages/robotTools-0.0.0-py3.8.egg-info
[0.454s] running install_scripts
[0.469s] Installing IMUCovarCalc script to /home/worbots/BasherROSWorkspace/install/robotTools/lib/robotTools
[0.469s] writing list of installed files to '/home/worbots/BasherROSWorkspace/build/robotTools/install.log'
[0.491s] Invoked command in '/home/worbots/BasherROSWorkspace/src/robotTool/robotTools' returned '0': PYTHONPATH=/home/worbots/BasherROSWorkspace/install/robotTools/lib/python3.8/site-packages:${PYTHONPATH} /usr/bin/python3 setup.py egg_info --egg-base ../../../build/robotTools build --build-base /home/worbots/BasherROSWorkspace/build/robotTools/build install --prefix /home/worbots/BasherROSWorkspace/install/robotTools --record /home/worbots/BasherROSWorkspace/build/robotTools/install.log --single-version-externally-managed
