[0.195s] Invoking command in '/home/worbots/BasherROSWorkspace/src/robotTool/robotTools': PYTHONPATH=/home/worbots/BasherROSWorkspace/install/robotTools/lib/python3.8/site-packages:${PYTHONPATH} /usr/bin/python3 setup.py egg_info --egg-base ../../../build/robotTools build --build-base /home/worbots/BasherROSWorkspace/build/robotTools/build install --prefix /home/worbots/BasherROSWorkspace/install/robotTools --record /home/worbots/BasherROSWorkspace/build/robotTools/install.log --single-version-externally-managed
[0.361s] running egg_info
[0.361s] writing ../../../build/robotTools/robotTools.egg-info/PKG-INFO
[0.361s] writing dependency_links to ../../../build/robotTools/robotTools.egg-info/dependency_links.txt
[0.362s] writing entry points to ../../../build/robotTools/robotTools.egg-info/entry_points.txt
[0.362s] writing requirements to ../../../build/robotTools/robotTools.egg-info/requires.txt
[0.362s] writing top-level names to ../../../build/robotTools/robotTools.egg-info/top_level.txt
[0.388s] reading manifest file '../../../build/robotTools/robotTools.egg-info/SOURCES.txt'
[0.389s] writing manifest file '../../../build/robotTools/robotTools.egg-info/SOURCES.txt'
[0.389s] running build
[0.390s] running build_py
[0.390s] copying robotTools/IMUCovarCalc.py -> /home/worbots/BasherROSWorkspace/build/robotTools/build/lib/robotTools
[0.390s] running install
[0.391s] running install_lib
[0.391s] copying /home/worbots/BasherROSWorkspace/build/robotTools/build/lib/robotTools/IMUCovarCalc.py -> /home/worbots/BasherROSWorkspace/install/robotTools/lib/python3.8/site-packages/robotTools
[0.392s] byte-compiling /home/worbots/BasherROSWorkspace/install/robotTools/lib/python3.8/site-packages/robotTools/IMUCovarCalc.py to IMUCovarCalc.cpython-38.pyc
[0.393s]   File "/home/worbots/BasherROSWorkspace/install/robotTools/lib/python3.8/site-packages/robotTools/IMUCovarCalc.py", line 32
[0.393s]     def listener_callback(self, msg)
[0.393s]                                    ^
[0.394s] SyntaxError: invalid syntax
[0.394s] 
[0.394s] running install_data
[0.394s] running install_egg_info
[0.395s] removing '/home/worbots/BasherROSWorkspace/install/robotTools/lib/python3.8/site-packages/robotTools-0.0.0-py3.8.egg-info' (and everything under it)
[0.395s] Copying ../../../build/robotTools/robotTools.egg-info to /home/worbots/BasherROSWorkspace/install/robotTools/lib/python3.8/site-packages/robotTools-0.0.0-py3.8.egg-info
[0.396s] running install_scripts
[0.416s] Installing IMUCovarCalc script to /home/worbots/BasherROSWorkspace/install/robotTools/lib/robotTools
[0.416s] writing list of installed files to '/home/worbots/BasherROSWorkspace/build/robotTools/install.log'
[0.436s] Invoked command in '/home/worbots/BasherROSWorkspace/src/robotTool/robotTools' returned '0': PYTHONPATH=/home/worbots/BasherROSWorkspace/install/robotTools/lib/python3.8/site-packages:${PYTHONPATH} /usr/bin/python3 setup.py egg_info --egg-base ../../../build/robotTools build --build-base /home/worbots/BasherROSWorkspace/build/robotTools/build install --prefix /home/worbots/BasherROSWorkspace/install/robotTools --record /home/worbots/BasherROSWorkspace/build/robotTools/install.log --single-version-externally-managed
