[0.224s] DEBUG:colcon:Command line arguments: ['/usr/bin/colcon', 'build', '--symlink-install']
[0.224s] DEBUG:colcon:Parsed command line arguments: Namespace(ament_cmake_args=None, base_paths=['.'], build_base='build', catkin_cmake_args=None, catkin_skip_building_tests=False, cmake_args=None, cmake_clean_cache=False, cmake_clean_first=False, cmake_force_configure=False, cmake_target=None, cmake_target_skip_unavailable=False, continue_on_error=False, event_handlers=None, executor='parallel', ignore_user_meta=False, install_base='install', log_base=None, log_level=None, main=<bound method BuildVerb.main of <colcon_core.verb.build.BuildVerb object at 0x7f6722583250>>, merge_install=False, metas=['./colcon.meta'], packages_above=None, packages_above_and_dependencies=None, packages_above_depth=None, packages_end=None, packages_ignore=None, packages_ignore_regex=None, packages_select=None, packages_select_build_failed=False, packages_select_by_dep=None, packages_select_regex=None, packages_select_test_failures=False, packages_skip=None, packages_skip_build_finished=False, packages_skip_by_dep=None, packages_skip_regex=None, packages_skip_test_passed=False, packages_skip_up_to=None, packages_start=None, packages_up_to=None, packages_up_to_regex=None, parallel_workers=12, paths=None, symlink_install=True, test_result_base=None, verb_extension=<colcon_core.verb.build.BuildVerb object at 0x7f6722583250>, verb_name='build', verb_parser=<colcon_defaults.argument_parser.defaults.DefaultArgumentsDecorator object at 0x7f6722583790>)
[0.228s] Level 1:colcon.colcon_core.package_discovery:discover_packages(colcon_meta) check parameters
[0.228s] Level 1:colcon.colcon_core.package_discovery:discover_packages(recursive) check parameters
[0.228s] Level 1:colcon.colcon_core.package_discovery:discover_packages(ignore) check parameters
[0.228s] Level 1:colcon.colcon_core.package_discovery:discover_packages(path) check parameters
[0.228s] Level 1:colcon.colcon_core.package_discovery:discover_packages(colcon_meta) discover
[0.228s] Level 1:colcon.colcon_core.package_discovery:discover_packages(recursive) discover
[0.228s] INFO:colcon.colcon_core.package_discovery:Crawling recursively for packages in '/home/worbots/BasherROSWorkspace'
[0.228s] Level 1:colcon.colcon_core.package_identification:_identify(.) by extensions ['ignore', 'ignore_ament_install']
[0.229s] Level 1:colcon.colcon_core.package_identification:_identify(.) by extension 'ignore'
[0.229s] Level 1:colcon.colcon_core.package_identification:_identify(.) by extension 'ignore_ament_install'
[0.229s] Level 1:colcon.colcon_core.package_identification:_identify(.) by extensions ['colcon_pkg']
[0.229s] Level 1:colcon.colcon_core.package_identification:_identify(.) by extension 'colcon_pkg'
[0.229s] Level 1:colcon.colcon_core.package_identification:_identify(.) by extensions ['colcon_meta']
[0.229s] Level 1:colcon.colcon_core.package_identification:_identify(.) by extension 'colcon_meta'
[0.229s] Level 1:colcon.colcon_core.package_identification:_identify(.) by extensions ['ros']
[0.229s] Level 1:colcon.colcon_core.package_identification:_identify(.) by extension 'ros'
[0.238s] Level 1:colcon.colcon_core.package_identification:_identify(.) by extensions ['cmake', 'python']
[0.238s] Level 1:colcon.colcon_core.package_identification:_identify(.) by extension 'cmake'
[0.239s] Level 1:colcon.colcon_core.package_identification:_identify(.) by extension 'python'
[0.239s] Level 1:colcon.colcon_core.package_identification:_identify(.) by extensions ['python_setup_py']
[0.239s] Level 1:colcon.colcon_core.package_identification:_identify(.) by extension 'python_setup_py'
[0.239s] Level 1:colcon.colcon_core.package_identification:_identify(build) by extensions ['ignore', 'ignore_ament_install']
[0.239s] Level 1:colcon.colcon_core.package_identification:_identify(build) by extension 'ignore'
[0.239s] Level 1:colcon.colcon_core.package_identification:_identify(build) ignored
[0.239s] Level 1:colcon.colcon_core.package_identification:_identify(install) by extensions ['ignore', 'ignore_ament_install']
[0.239s] Level 1:colcon.colcon_core.package_identification:_identify(install) by extension 'ignore'
[0.239s] Level 1:colcon.colcon_core.package_identification:_identify(install) ignored
[0.239s] Level 1:colcon.colcon_core.package_identification:_identify(log) by extensions ['ignore', 'ignore_ament_install']
[0.239s] Level 1:colcon.colcon_core.package_identification:_identify(log) by extension 'ignore'
[0.239s] Level 1:colcon.colcon_core.package_identification:_identify(log) ignored
[0.239s] Level 1:colcon.colcon_core.package_identification:_identify(src) by extensions ['ignore', 'ignore_ament_install']
[0.240s] Level 1:colcon.colcon_core.package_identification:_identify(src) by extension 'ignore'
[0.240s] Level 1:colcon.colcon_core.package_identification:_identify(src) by extension 'ignore_ament_install'
[0.240s] Level 1:colcon.colcon_core.package_identification:_identify(src) by extensions ['colcon_pkg']
[0.240s] Level 1:colcon.colcon_core.package_identification:_identify(src) by extension 'colcon_pkg'
[0.240s] Level 1:colcon.colcon_core.package_identification:_identify(src) by extensions ['colcon_meta']
[0.240s] Level 1:colcon.colcon_core.package_identification:_identify(src) by extension 'colcon_meta'
[0.240s] Level 1:colcon.colcon_core.package_identification:_identify(src) by extensions ['ros']
[0.240s] Level 1:colcon.colcon_core.package_identification:_identify(src) by extension 'ros'
[0.240s] Level 1:colcon.colcon_core.package_identification:_identify(src) by extensions ['cmake', 'python']
[0.240s] Level 1:colcon.colcon_core.package_identification:_identify(src) by extension 'cmake'
[0.240s] Level 1:colcon.colcon_core.package_identification:_identify(src) by extension 'python'
[0.240s] Level 1:colcon.colcon_core.package_identification:_identify(src) by extensions ['python_setup_py']
[0.240s] Level 1:colcon.colcon_core.package_identification:_identify(src) by extension 'python_setup_py'
[0.240s] Level 1:colcon.colcon_core.package_identification:_identify(src/robotTool) by extensions ['ignore', 'ignore_ament_install']
[0.240s] Level 1:colcon.colcon_core.package_identification:_identify(src/robotTool) by extension 'ignore'
[0.240s] Level 1:colcon.colcon_core.package_identification:_identify(src/robotTool) by extension 'ignore_ament_install'
[0.240s] Level 1:colcon.colcon_core.package_identification:_identify(src/robotTool) by extensions ['colcon_pkg']
[0.240s] Level 1:colcon.colcon_core.package_identification:_identify(src/robotTool) by extension 'colcon_pkg'
[0.240s] Level 1:colcon.colcon_core.package_identification:_identify(src/robotTool) by extensions ['colcon_meta']
[0.241s] Level 1:colcon.colcon_core.package_identification:_identify(src/robotTool) by extension 'colcon_meta'
[0.241s] Level 1:colcon.colcon_core.package_identification:_identify(src/robotTool) by extensions ['ros']
[0.241s] Level 1:colcon.colcon_core.package_identification:_identify(src/robotTool) by extension 'ros'
[0.241s] Level 1:colcon.colcon_core.package_identification:_identify(src/robotTool) by extensions ['cmake', 'python']
[0.241s] Level 1:colcon.colcon_core.package_identification:_identify(src/robotTool) by extension 'cmake'
[0.241s] Level 1:colcon.colcon_core.package_identification:_identify(src/robotTool) by extension 'python'
[0.241s] Level 1:colcon.colcon_core.package_identification:_identify(src/robotTool) by extensions ['python_setup_py']
[0.241s] Level 1:colcon.colcon_core.package_identification:_identify(src/robotTool) by extension 'python_setup_py'
[0.241s] Level 1:colcon.colcon_core.package_identification:_identify(src/robotTool/robotTools) by extensions ['ignore', 'ignore_ament_install']
[0.241s] Level 1:colcon.colcon_core.package_identification:_identify(src/robotTool/robotTools) by extension 'ignore'
[0.241s] Level 1:colcon.colcon_core.package_identification:_identify(src/robotTool/robotTools) by extension 'ignore_ament_install'
[0.241s] Level 1:colcon.colcon_core.package_identification:_identify(src/robotTool/robotTools) by extensions ['colcon_pkg']
[0.241s] Level 1:colcon.colcon_core.package_identification:_identify(src/robotTool/robotTools) by extension 'colcon_pkg'
[0.241s] Level 1:colcon.colcon_core.package_identification:_identify(src/robotTool/robotTools) by extensions ['colcon_meta']
[0.241s] Level 1:colcon.colcon_core.package_identification:_identify(src/robotTool/robotTools) by extension 'colcon_meta'
[0.241s] Level 1:colcon.colcon_core.package_identification:_identify(src/robotTool/robotTools) by extensions ['ros']
[0.241s] Level 1:colcon.colcon_core.package_identification:_identify(src/robotTool/robotTools) by extension 'ros'
[0.243s] DEBUG:colcon.colcon_core.package_identification:Package 'src/robotTool/robotTools' with type 'ros.ament_python' and name 'robotTools'
[0.243s] Level 1:colcon.colcon_core.package_discovery:discover_packages(recursive) using defaults
[0.243s] Level 1:colcon.colcon_core.package_discovery:discover_packages(ignore) discover
[0.243s] Level 1:colcon.colcon_core.package_discovery:discover_packages(ignore) using defaults
[0.243s] Level 1:colcon.colcon_core.package_discovery:discover_packages(path) discover
[0.243s] Level 1:colcon.colcon_core.package_discovery:discover_packages(path) using defaults
[0.266s] Level 5:colcon.colcon_core.verb:set package 'robotTools' build argument 'cmake_args' from command line to 'None'
[0.266s] Level 5:colcon.colcon_core.verb:set package 'robotTools' build argument 'cmake_target' from command line to 'None'
[0.266s] Level 5:colcon.colcon_core.verb:set package 'robotTools' build argument 'cmake_target_skip_unavailable' from command line to 'False'
[0.266s] Level 5:colcon.colcon_core.verb:set package 'robotTools' build argument 'cmake_clean_cache' from command line to 'False'
[0.266s] Level 5:colcon.colcon_core.verb:set package 'robotTools' build argument 'cmake_clean_first' from command line to 'False'
[0.267s] Level 5:colcon.colcon_core.verb:set package 'robotTools' build argument 'cmake_force_configure' from command line to 'False'
[0.267s] Level 5:colcon.colcon_core.verb:set package 'robotTools' build argument 'ament_cmake_args' from command line to 'None'
[0.267s] Level 5:colcon.colcon_core.verb:set package 'robotTools' build argument 'catkin_cmake_args' from command line to 'None'
[0.267s] Level 5:colcon.colcon_core.verb:set package 'robotTools' build argument 'catkin_skip_building_tests' from command line to 'False'
[0.267s] DEBUG:colcon.colcon_core.verb:Building package 'robotTools' with the following arguments: {'ament_cmake_args': None, 'build_base': '/home/worbots/BasherROSWorkspace/build/robotTools', 'catkin_cmake_args': None, 'catkin_skip_building_tests': False, 'cmake_args': None, 'cmake_clean_cache': False, 'cmake_clean_first': False, 'cmake_force_configure': False, 'cmake_target': None, 'cmake_target_skip_unavailable': False, 'install_base': '/home/worbots/BasherROSWorkspace/install/robotTools', 'merge_install': False, 'path': '/home/worbots/BasherROSWorkspace/src/robotTool/robotTools', 'symlink_install': True, 'test_result_base': None}
[0.267s] INFO:colcon.colcon_core.executor:Executing jobs using 'parallel' executor
[0.269s] DEBUG:colcon.colcon_parallel_executor.executor.parallel:run_until_complete
[0.269s] INFO:colcon.colcon_ros.task.ament_python.build:Building ROS package in '/home/worbots/BasherROSWorkspace/src/robotTool/robotTools' with build type 'ament_python'
[0.269s] Level 1:colcon.colcon_core.shell:create_environment_hook('robotTools', 'ament_prefix_path')
[0.272s] INFO:colcon.colcon_core.plugin_system:Skipping extension 'colcon_core.shell.bat': Not used on non-Windows systems
[0.273s] INFO:colcon.colcon_core.shell:Creating environment hook '/home/worbots/BasherROSWorkspace/install/robotTools/share/robotTools/hook/ament_prefix_path.ps1'
[0.273s] INFO:colcon.colcon_core.shell:Creating environment descriptor '/home/worbots/BasherROSWorkspace/install/robotTools/share/robotTools/hook/ament_prefix_path.dsv'
[0.274s] INFO:colcon.colcon_core.shell:Creating environment hook '/home/worbots/BasherROSWorkspace/install/robotTools/share/robotTools/hook/ament_prefix_path.sh'
[0.275s] INFO:colcon.colcon_core.shell:Skip shell extension 'powershell' for command environment: Not usable outside of PowerShell
[0.275s] DEBUG:colcon.colcon_core.shell:Skip shell extension 'dsv' for command environment
[0.277s] DEBUG:colcon.colcon_core.shell:Ignoring prefix path '/opt/ros/galactic'
[0.459s] INFO:colcon.colcon_core.task.python.build:Building Python package in '/home/worbots/BasherROSWorkspace/src/robotTool/robotTools'
[0.459s] INFO:colcon.colcon_core.shell:Skip shell extension 'powershell' for command environment: Not usable outside of PowerShell
[0.459s] DEBUG:colcon.colcon_core.shell:Skip shell extension 'dsv' for command environment
[0.462s] DEBUG:colcon.colcon_core.shell:Ignoring prefix path '/opt/ros/galactic'
[0.469s] DEBUG:colcon.colcon_core.task.python.build:While undoing a previous installation files outside the Python library path are being ignored: /home/worbots/BasherROSWorkspace/install/robotTools/share/ament_index/resource_index/packages/robotTools
[0.469s] DEBUG:colcon.colcon_core.task.python.build:While undoing a previous installation files outside the Python library path are being ignored: /home/worbots/BasherROSWorkspace/install/robotTools/share/robotTools/package.xml
[0.469s] DEBUG:colcon.colcon_core.task.python.build:While undoing a previous installation files outside the Python library path are being ignored: /home/worbots/BasherROSWorkspace/install/robotTools/lib/robotTools/IMUCovarCalc
[0.474s] DEBUG:colcon.colcon_core.event_handler.log_command:Invoking command in '/home/worbots/BasherROSWorkspace/build/robotTools': PYTHONPATH=/home/worbots/BasherROSWorkspace/install/robotTools/lib/python3.8/site-packages:${PYTHONPATH} /usr/bin/python3 setup.py develop --prefix /home/worbots/BasherROSWorkspace/install/robotTools --editable --build-directory /home/worbots/BasherROSWorkspace/build/robotTools/build --no-deps install_data --install-dir /home/worbots/BasherROSWorkspace/install/robotTools
[0.856s] Level 1:colcon.colcon_core.shell:create_environment_hook('robotTools', 'pythonpath_develop')
[0.858s] INFO:colcon.colcon_core.shell:Creating environment hook '/home/worbots/BasherROSWorkspace/build/robotTools/share/robotTools/hook/pythonpath_develop.ps1'
[0.860s] DEBUG:colcon.colcon_core.event_handler.log_command:Invoked command in '/home/worbots/BasherROSWorkspace/build/robotTools' returned '0': PYTHONPATH=/home/worbots/BasherROSWorkspace/install/robotTools/lib/python3.8/site-packages:${PYTHONPATH} /usr/bin/python3 setup.py develop --prefix /home/worbots/BasherROSWorkspace/install/robotTools --editable --build-directory /home/worbots/BasherROSWorkspace/build/robotTools/build --no-deps install_data --install-dir /home/worbots/BasherROSWorkspace/install/robotTools
[0.861s] INFO:colcon.colcon_core.shell:Creating environment descriptor '/home/worbots/BasherROSWorkspace/build/robotTools/share/robotTools/hook/pythonpath_develop.dsv'
[0.862s] INFO:colcon.colcon_core.shell:Creating environment hook '/home/worbots/BasherROSWorkspace/build/robotTools/share/robotTools/hook/pythonpath_develop.sh'
[0.870s] Level 1:colcon.colcon_core.environment:checking '/home/worbots/BasherROSWorkspace/install/robotTools' for CMake module files
[0.870s] Level 1:colcon.colcon_core.environment:checking '/home/worbots/BasherROSWorkspace/install/robotTools' for CMake config files
[0.870s] Level 1:colcon.colcon_core.environment:checking '/home/worbots/BasherROSWorkspace/install/robotTools/lib'
[0.870s] Level 1:colcon.colcon_core.environment:checking '/home/worbots/BasherROSWorkspace/install/robotTools/bin'
[0.871s] Level 1:colcon.colcon_core.environment:checking '/home/worbots/BasherROSWorkspace/install/robotTools/lib/pkgconfig/robotTools.pc'
[0.871s] Level 1:colcon.colcon_core.environment:checking '/home/worbots/BasherROSWorkspace/install/robotTools/lib/python3.8/site-packages'
[0.871s] Level 1:colcon.colcon_core.shell:create_environment_hook('robotTools', 'pythonpath')
[0.871s] INFO:colcon.colcon_core.shell:Creating environment hook '/home/worbots/BasherROSWorkspace/install/robotTools/share/robotTools/hook/pythonpath.ps1'
[0.871s] INFO:colcon.colcon_core.shell:Creating environment descriptor '/home/worbots/BasherROSWorkspace/install/robotTools/share/robotTools/hook/pythonpath.dsv'
[0.872s] INFO:colcon.colcon_core.shell:Creating environment hook '/home/worbots/BasherROSWorkspace/install/robotTools/share/robotTools/hook/pythonpath.sh'
[0.872s] Level 1:colcon.colcon_core.environment:create_environment_scripts_only(robotTools)
[0.873s] INFO:colcon.colcon_core.shell:Creating package script '/home/worbots/BasherROSWorkspace/install/robotTools/share/robotTools/package.ps1'
[0.874s] INFO:colcon.colcon_core.shell:Creating package descriptor '/home/worbots/BasherROSWorkspace/install/robotTools/share/robotTools/package.dsv'
[0.874s] INFO:colcon.colcon_core.shell:Creating package script '/home/worbots/BasherROSWorkspace/install/robotTools/share/robotTools/package.sh'
[0.875s] INFO:colcon.colcon_core.shell:Creating package script '/home/worbots/BasherROSWorkspace/install/robotTools/share/robotTools/package.bash'
[0.876s] INFO:colcon.colcon_core.shell:Creating package script '/home/worbots/BasherROSWorkspace/install/robotTools/share/robotTools/package.zsh'
[0.878s] Level 1:colcon.colcon_core.environment:create_file_with_runtime_dependencies(/home/worbots/BasherROSWorkspace/install/robotTools/share/colcon-core/packages/robotTools)
[0.878s] DEBUG:colcon.colcon_parallel_executor.executor.parallel:closing loop
[0.879s] DEBUG:colcon.colcon_parallel_executor.executor.parallel:loop closed
[0.879s] DEBUG:colcon.colcon_parallel_executor.executor.parallel:run_until_complete finished with '0'
[0.879s] DEBUG:colcon.colcon_core.event_reactor:joining thread
[0.887s] INFO:colcon.colcon_core.plugin_system:Skipping extension 'colcon_notification.desktop_notification.terminal_notifier': Not used on non-Darwin systems
[0.887s] INFO:colcon.colcon_core.plugin_system:Skipping extension 'colcon_notification.desktop_notification.win32': Not used on non-Windows systems
[0.887s] INFO:colcon.colcon_notification.desktop_notification:Sending desktop notification using 'notify2'
[0.906s] DEBUG:colcon.colcon_core.event_reactor:joined thread
[0.907s] INFO:colcon.colcon_core.shell:Creating prefix script '/home/worbots/BasherROSWorkspace/install/local_setup.ps1'
[0.908s] INFO:colcon.colcon_core.shell:Creating prefix util module '/home/worbots/BasherROSWorkspace/install/_local_setup_util_ps1.py'
[0.909s] INFO:colcon.colcon_core.shell:Creating prefix chain script '/home/worbots/BasherROSWorkspace/install/setup.ps1'
[0.912s] INFO:colcon.colcon_core.shell:Creating prefix script '/home/worbots/BasherROSWorkspace/install/local_setup.sh'
[0.913s] INFO:colcon.colcon_core.shell:Creating prefix util module '/home/worbots/BasherROSWorkspace/install/_local_setup_util_sh.py'
[0.914s] INFO:colcon.colcon_core.shell:Creating prefix chain script '/home/worbots/BasherROSWorkspace/install/setup.sh'
[0.915s] INFO:colcon.colcon_core.shell:Creating prefix script '/home/worbots/BasherROSWorkspace/install/local_setup.bash'
[0.916s] INFO:colcon.colcon_core.shell:Creating prefix chain script '/home/worbots/BasherROSWorkspace/install/setup.bash'
[0.918s] INFO:colcon.colcon_core.shell:Creating prefix script '/home/worbots/BasherROSWorkspace/install/local_setup.zsh'
[0.918s] INFO:colcon.colcon_core.shell:Creating prefix chain script '/home/worbots/BasherROSWorkspace/install/setup.zsh'
